2021-07-16 16:45:57,019 | DEBUG | MainThread | GeoPolRisk.py:48 -             __init__() | Username: akoyamparamb
2021-07-16 16:48:52,220 | DEBUG | MainThread | GeoPolRisk.py:48 -             __init__() | Username: akoyamparamb
2021-07-16 16:49:09,738 | INFO | MainThread | utils.py:157 -    _init_num_threads() | NumExpr defaulting to 8 threads.
2021-07-16 16:49:09,738 | DEBUG | MainThread | api.py:257 -     TotalCalculation() | The period is 2010 for the Country Japan for the resource Cobalt
2021-07-16 16:49:10,367 | DEBUG | MainThread | api.py:70 -         traderequest() | https://comtrade.un.org/api/get?max=50000&type=C&freq=A&px=HS&ps=2010&r=392&p=all&cc=810520&rg=1&fmt=json
2021-07-16 16:49:13,310 | DEBUG | MainThread | api.py:140 -         traderequest() | 'main' object has no attribute 'quanitity'
2021-07-16 16:49:13,310 | DEBUG | MainThread | api.py:276 -     TotalCalculation() | 
2021-07-16 16:51:13,289 | DEBUG | MainThread | GeoPolRisk.py:48 -             __init__() | Username: akoyamparamb
2021-07-16 16:51:26,171 | DEBUG | MainThread | GeoPolRisk.py:48 -             __init__() | Username: akoyamparamb
2021-07-16 16:51:41,941 | DEBUG | MainThread | api.py:257 -     TotalCalculation() | The period is 2012 for the Country Japan for the resource Cobalt
2021-07-16 16:51:42,062 | DEBUG | MainThread | api.py:70 -         traderequest() | https://comtrade.un.org/api/get?max=50000&type=C&freq=A&px=HS&ps=2012&r=392&p=all&cc=810520&rg=1&fmt=json
2021-07-16 16:51:44,169 | DEBUG | MainThread | api.py:140 -         traderequest() | 'main' object has no attribute 'quanitity'
2021-07-16 16:51:44,169 | DEBUG | MainThread | api.py:276 -     TotalCalculation() | 
2021-07-16 16:52:10,153 | DEBUG | MainThread | GeoPolRisk.py:48 -             __init__() | Username: akoyamparamb
2021-07-16 16:52:17,995 | DEBUG | MainThread | GeoPolRisk.py:48 -             __init__() | Username: akoyamparamb
2021-07-16 16:52:29,401 | DEBUG | MainThread | api.py:257 -     TotalCalculation() | The period is 2012 for the Country Japan for the resource Cobalt
2021-07-16 16:52:29,517 | DEBUG | MainThread | api.py:70 -         traderequest() | https://comtrade.un.org/api/get?max=50000&type=C&freq=A&px=HS&ps=2012&r=392&p=all&cc=810520&rg=1&fmt=json
2021-07-16 16:52:29,877 | DEBUG | MainThread | api.py:140 -         traderequest() | unsupported operand type(s) for -: 'int' and 'str'
2021-07-16 16:52:29,877 | DEBUG | MainThread | api.py:276 -     TotalCalculation() | 
2021-07-16 16:53:46,328 | DEBUG | MainThread | GeoPolRisk.py:48 -             __init__() | Username: akoyamparamb
2021-07-16 16:53:58,820 | DEBUG | MainThread | api.py:257 -     TotalCalculation() | The period is 2012 for the Country Japan for the resource Cobalt
2021-07-16 16:53:58,930 | DEBUG | MainThread | api.py:70 -         traderequest() | https://comtrade.un.org/api/get?max=50000&type=C&freq=A&px=HS&ps=2012&r=392&p=all&cc=810520&rg=1&fmt=json
2021-07-16 16:53:59,319 | DEBUG | MainThread | api.py:140 -         traderequest() | can't multiply sequence by non-int of type 'float'
2021-07-16 16:53:59,319 | DEBUG | MainThread | api.py:276 -     TotalCalculation() | 
2021-07-16 16:57:17,992 | DEBUG | MainThread | GeoPolRisk.py:48 -             __init__() | Username: akoyamparamb
2021-07-16 16:57:29,358 | DEBUG | MainThread | api.py:260 -     TotalCalculation() | The period is 2012 for the Country Japan for the resource Cobalt
2021-07-16 16:57:29,477 | DEBUG | MainThread | api.py:70 -         traderequest() | https://comtrade.un.org/api/get?max=50000&type=C&freq=A&px=HS&ps=2012&r=392&p=all&cc=810520&rg=1&fmt=json
2021-07-16 16:57:29,988 | DEBUG | MainThread | api.py:143 -         traderequest() | can't multiply sequence by non-int of type 'float'
2021-07-16 16:57:29,988 | DEBUG | MainThread | api.py:279 -     TotalCalculation() | 
2021-07-16 16:58:29,796 | DEBUG | MainThread | GeoPolRisk.py:48 -             __init__() | Username: akoyamparamb
2021-07-16 16:58:29,808 | DEBUG | MainThread | api.py:263 -     TotalCalculation() | The period is 2002 for the Country Australia for the resource Manganese
2021-07-16 16:58:29,810 | DEBUG | MainThread | api.py:310 -     TotalCalculation() | No transaction has been made, as data preexists
2021-07-16 16:58:29,810 | DEBUG | MainThread | GeoPolRisk.py:310 -          extractdata() | Exporting database in the format csv
2021-07-16 16:58:29,829 | DEBUG | MainThread | api.py:263 -     TotalCalculation() | The period is 2003 for the Country Australia for the resource Manganese
2021-07-16 16:58:29,831 | DEBUG | MainThread | api.py:310 -     TotalCalculation() | No transaction has been made, as data preexists
2021-07-16 16:58:29,831 | DEBUG | MainThread | GeoPolRisk.py:310 -          extractdata() | Exporting database in the format csv
2021-07-16 16:58:29,850 | DEBUG | MainThread | api.py:263 -     TotalCalculation() | The period is 2004 for the Country Australia for the resource Manganese
2021-07-16 16:58:29,850 | DEBUG | MainThread | api.py:310 -     TotalCalculation() | No transaction has been made, as data preexists
2021-07-16 16:58:29,850 | DEBUG | MainThread | GeoPolRisk.py:310 -          extractdata() | Exporting database in the format csv
2021-07-16 16:58:29,866 | DEBUG | MainThread | api.py:263 -     TotalCalculation() | The period is 2005 for the Country Australia for the resource Manganese
2021-07-16 16:58:29,866 | DEBUG | MainThread | api.py:310 -     TotalCalculation() | No transaction has been made, as data preexists
2021-07-16 16:58:29,866 | DEBUG | MainThread | GeoPolRisk.py:310 -          extractdata() | Exporting database in the format csv
2021-07-16 16:58:29,866 | DEBUG | MainThread | api.py:263 -     TotalCalculation() | The period is 2006 for the Country Australia for the resource Manganese
2021-07-16 16:58:29,882 | DEBUG | MainThread | api.py:310 -     TotalCalculation() | No transaction has been made, as data preexists
2021-07-16 16:58:29,882 | DEBUG | MainThread | GeoPolRisk.py:310 -          extractdata() | Exporting database in the format csv
2021-07-16 16:58:29,882 | DEBUG | MainThread | api.py:263 -     TotalCalculation() | The period is 2007 for the Country Australia for the resource Manganese
2021-07-16 16:58:29,882 | DEBUG | MainThread | api.py:310 -     TotalCalculation() | No transaction has been made, as data preexists
2021-07-16 16:58:29,882 | DEBUG | MainThread | GeoPolRisk.py:310 -          extractdata() | Exporting database in the format csv
2021-07-16 16:58:29,897 | DEBUG | MainThread | api.py:263 -     TotalCalculation() | The period is 2008 for the Country Australia for the resource Manganese
2021-07-16 16:58:29,897 | DEBUG | MainThread | api.py:310 -     TotalCalculation() | No transaction has been made, as data preexists
2021-07-16 16:58:29,897 | DEBUG | MainThread | GeoPolRisk.py:310 -          extractdata() | Exporting database in the format csv
2021-07-16 16:58:29,913 | DEBUG | MainThread | api.py:263 -     TotalCalculation() | The period is 2009 for the Country Australia for the resource Manganese
2021-07-16 16:58:29,913 | DEBUG | MainThread | api.py:310 -     TotalCalculation() | No transaction has been made, as data preexists
2021-07-16 16:58:29,913 | DEBUG | MainThread | GeoPolRisk.py:310 -          extractdata() | Exporting database in the format csv
2021-07-16 16:58:29,928 | DEBUG | MainThread | api.py:263 -     TotalCalculation() | The period is 2010 for the Country Australia for the resource Manganese
2021-07-16 16:58:29,928 | DEBUG | MainThread | api.py:310 -     TotalCalculation() | No transaction has been made, as data preexists
2021-07-16 16:58:29,928 | DEBUG | MainThread | GeoPolRisk.py:310 -          extractdata() | Exporting database in the format csv
2021-07-16 16:58:29,944 | DEBUG | MainThread | api.py:263 -     TotalCalculation() | The period is 2011 for the Country Australia for the resource Manganese
2021-07-16 16:58:29,944 | DEBUG | MainThread | api.py:310 -     TotalCalculation() | No transaction has been made, as data preexists
2021-07-16 16:58:29,944 | DEBUG | MainThread | GeoPolRisk.py:310 -          extractdata() | Exporting database in the format csv
2021-07-16 16:58:29,960 | DEBUG | MainThread | api.py:263 -     TotalCalculation() | The period is 2012 for the Country Australia for the resource Manganese
2021-07-16 16:58:29,960 | DEBUG | MainThread | api.py:310 -     TotalCalculation() | No transaction has been made, as data preexists
2021-07-16 16:58:29,960 | DEBUG | MainThread | GeoPolRisk.py:310 -          extractdata() | Exporting database in the format csv
2021-07-16 16:58:29,960 | DEBUG | MainThread | api.py:263 -     TotalCalculation() | The period is 2013 for the Country Australia for the resource Manganese
2021-07-16 16:58:29,960 | DEBUG | MainThread | api.py:310 -     TotalCalculation() | No transaction has been made, as data preexists
2021-07-16 16:58:29,960 | DEBUG | MainThread | GeoPolRisk.py:310 -          extractdata() | Exporting database in the format csv
2021-07-16 16:58:29,984 | DEBUG | MainThread | api.py:263 -     TotalCalculation() | The period is 2014 for the Country Australia for the resource Manganese
2021-07-16 16:58:29,985 | DEBUG | MainThread | api.py:310 -     TotalCalculation() | No transaction has been made, as data preexists
2021-07-16 16:58:29,986 | DEBUG | MainThread | GeoPolRisk.py:310 -          extractdata() | Exporting database in the format csv
2021-07-16 16:58:30,000 | DEBUG | MainThread | api.py:263 -     TotalCalculation() | The period is 2015 for the Country Australia for the resource Manganese
2021-07-16 16:58:30,001 | DEBUG | MainThread | api.py:310 -     TotalCalculation() | No transaction has been made, as data preexists
2021-07-16 16:58:30,001 | DEBUG | MainThread | GeoPolRisk.py:310 -          extractdata() | Exporting database in the format csv
2021-07-16 16:58:30,015 | DEBUG | MainThread | api.py:263 -     TotalCalculation() | The period is 2016 for the Country Australia for the resource Manganese
2021-07-16 16:58:30,016 | DEBUG | MainThread | api.py:310 -     TotalCalculation() | No transaction has been made, as data preexists
2021-07-16 16:58:30,016 | DEBUG | MainThread | GeoPolRisk.py:310 -          extractdata() | Exporting database in the format csv
2021-07-16 16:58:30,027 | DEBUG | MainThread | api.py:263 -     TotalCalculation() | The period is 2017 for the Country Australia for the resource Manganese
2021-07-16 16:58:30,029 | DEBUG | MainThread | api.py:310 -     TotalCalculation() | No transaction has been made, as data preexists
2021-07-16 16:58:30,029 | DEBUG | MainThread | GeoPolRisk.py:310 -          extractdata() | Exporting database in the format csv
2021-07-16 16:58:30,038 | DEBUG | MainThread | api.py:263 -     TotalCalculation() | The period is 2002 for the Country Australia for the resource Iron
2021-07-16 16:58:30,040 | DEBUG | MainThread | api.py:310 -     TotalCalculation() | No transaction has been made, as data preexists
2021-07-16 16:58:30,040 | DEBUG | MainThread | GeoPolRisk.py:310 -          extractdata() | Exporting database in the format csv
2021-07-16 16:58:30,050 | DEBUG | MainThread | api.py:263 -     TotalCalculation() | The period is 2003 for the Country Australia for the resource Iron
2021-07-16 16:58:30,051 | DEBUG | MainThread | api.py:310 -     TotalCalculation() | No transaction has been made, as data preexists
2021-07-16 16:58:30,051 | DEBUG | MainThread | GeoPolRisk.py:310 -          extractdata() | Exporting database in the format csv
2021-07-16 16:58:30,060 | DEBUG | MainThread | api.py:263 -     TotalCalculation() | The period is 2004 for the Country Australia for the resource Iron
2021-07-16 16:58:30,061 | DEBUG | MainThread | api.py:310 -     TotalCalculation() | No transaction has been made, as data preexists
2021-07-16 16:58:30,061 | DEBUG | MainThread | GeoPolRisk.py:310 -          extractdata() | Exporting database in the format csv
2021-07-16 16:58:30,070 | DEBUG | MainThread | api.py:263 -     TotalCalculation() | The period is 2005 for the Country Australia for the resource Iron
2021-07-16 16:58:30,072 | DEBUG | MainThread | api.py:310 -     TotalCalculation() | No transaction has been made, as data preexists
2021-07-16 16:58:30,072 | DEBUG | MainThread | GeoPolRisk.py:310 -          extractdata() | Exporting database in the format csv
2021-07-16 16:58:30,083 | DEBUG | MainThread | api.py:263 -     TotalCalculation() | The period is 2006 for the Country Australia for the resource Iron
2021-07-16 16:58:30,084 | DEBUG | MainThread | api.py:310 -     TotalCalculation() | No transaction has been made, as data preexists
2021-07-16 16:58:30,084 | DEBUG | MainThread | GeoPolRisk.py:310 -          extractdata() | Exporting database in the format csv
2021-07-16 16:58:30,095 | DEBUG | MainThread | api.py:263 -     TotalCalculation() | The period is 2007 for the Country Australia for the resource Iron
2021-07-16 16:58:30,096 | DEBUG | MainThread | api.py:310 -     TotalCalculation() | No transaction has been made, as data preexists
2021-07-16 16:58:30,096 | DEBUG | MainThread | GeoPolRisk.py:310 -          extractdata() | Exporting database in the format csv
2021-07-16 16:58:30,106 | DEBUG | MainThread | api.py:263 -     TotalCalculation() | The period is 2008 for the Country Australia for the resource Iron
2021-07-16 16:58:30,107 | DEBUG | MainThread | api.py:310 -     TotalCalculation() | No transaction has been made, as data preexists
2021-07-16 16:58:30,107 | DEBUG | MainThread | GeoPolRisk.py:310 -          extractdata() | Exporting database in the format csv
2021-07-16 16:58:30,119 | DEBUG | MainThread | api.py:263 -     TotalCalculation() | The period is 2009 for the Country Australia for the resource Iron
2021-07-16 16:58:30,120 | DEBUG | MainThread | api.py:310 -     TotalCalculation() | No transaction has been made, as data preexists
2021-07-16 16:58:30,120 | DEBUG | MainThread | GeoPolRisk.py:310 -          extractdata() | Exporting database in the format csv
2021-07-16 16:58:30,130 | DEBUG | MainThread | api.py:263 -     TotalCalculation() | The period is 2010 for the Country Australia for the resource Iron
2021-07-16 16:58:30,131 | DEBUG | MainThread | api.py:310 -     TotalCalculation() | No transaction has been made, as data preexists
2021-07-16 16:58:30,131 | DEBUG | MainThread | GeoPolRisk.py:310 -          extractdata() | Exporting database in the format csv
2021-07-16 16:58:30,142 | DEBUG | MainThread | api.py:263 -     TotalCalculation() | The period is 2011 for the Country Australia for the resource Iron
2021-07-16 16:58:30,143 | DEBUG | MainThread | api.py:310 -     TotalCalculation() | No transaction has been made, as data preexists
2021-07-16 16:58:30,143 | DEBUG | MainThread | GeoPolRisk.py:310 -          extractdata() | Exporting database in the format csv
2021-07-16 16:58:30,154 | DEBUG | MainThread | api.py:263 -     TotalCalculation() | The period is 2012 for the Country Australia for the resource Iron
2021-07-16 16:58:30,155 | DEBUG | MainThread | api.py:310 -     TotalCalculation() | No transaction has been made, as data preexists
2021-07-16 16:58:30,155 | DEBUG | MainThread | GeoPolRisk.py:310 -          extractdata() | Exporting database in the format csv
2021-07-16 16:58:30,165 | DEBUG | MainThread | api.py:263 -     TotalCalculation() | The period is 2013 for the Country Australia for the resource Iron
2021-07-16 16:58:30,166 | DEBUG | MainThread | api.py:310 -     TotalCalculation() | No transaction has been made, as data preexists
2021-07-16 16:58:30,167 | DEBUG | MainThread | GeoPolRisk.py:310 -          extractdata() | Exporting database in the format csv
2021-07-16 16:58:30,176 | DEBUG | MainThread | api.py:263 -     TotalCalculation() | The period is 2014 for the Country Australia for the resource Iron
2021-07-16 16:58:30,176 | DEBUG | MainThread | api.py:310 -     TotalCalculation() | No transaction has been made, as data preexists
2021-07-16 16:58:30,176 | DEBUG | MainThread | GeoPolRisk.py:310 -          extractdata() | Exporting database in the format csv
2021-07-16 16:58:30,176 | DEBUG | MainThread | api.py:263 -     TotalCalculation() | The period is 2015 for the Country Australia for the resource Iron
2021-07-16 16:58:30,176 | DEBUG | MainThread | api.py:310 -     TotalCalculation() | No transaction has been made, as data preexists
2021-07-16 16:58:30,176 | DEBUG | MainThread | GeoPolRisk.py:310 -          extractdata() | Exporting database in the format csv
2021-07-16 16:58:30,191 | DEBUG | MainThread | api.py:263 -     TotalCalculation() | The period is 2016 for the Country Australia for the resource Iron
2021-07-16 16:58:30,191 | DEBUG | MainThread | api.py:310 -     TotalCalculation() | No transaction has been made, as data preexists
2021-07-16 16:58:30,191 | DEBUG | MainThread | GeoPolRisk.py:310 -          extractdata() | Exporting database in the format csv
2021-07-16 16:58:30,207 | DEBUG | MainThread | api.py:263 -     TotalCalculation() | The period is 2017 for the Country Australia for the resource Iron
2021-07-16 16:58:30,207 | DEBUG | MainThread | api.py:310 -     TotalCalculation() | No transaction has been made, as data preexists
2021-07-16 16:58:30,207 | DEBUG | MainThread | GeoPolRisk.py:310 -          extractdata() | Exporting database in the format csv
2021-07-16 16:58:30,207 | DEBUG | MainThread | api.py:263 -     TotalCalculation() | The period is 2002 for the Country Australia for the resource Copper
2021-07-16 16:58:30,207 | DEBUG | MainThread | api.py:310 -     TotalCalculation() | No transaction has been made, as data preexists
2021-07-16 16:58:30,207 | DEBUG | MainThread | GeoPolRisk.py:310 -          extractdata() | Exporting database in the format csv
2021-07-16 16:58:30,223 | DEBUG | MainThread | api.py:263 -     TotalCalculation() | The period is 2003 for the Country Australia for the resource Copper
2021-07-16 16:58:30,223 | DEBUG | MainThread | api.py:310 -     TotalCalculation() | No transaction has been made, as data preexists
2021-07-16 16:58:30,223 | DEBUG | MainThread | GeoPolRisk.py:310 -          extractdata() | Exporting database in the format csv
2021-07-16 16:58:30,238 | DEBUG | MainThread | api.py:263 -     TotalCalculation() | The period is 2004 for the Country Australia for the resource Copper
2021-07-16 16:58:30,238 | DEBUG | MainThread | api.py:310 -     TotalCalculation() | No transaction has been made, as data preexists
2021-07-16 16:58:30,238 | DEBUG | MainThread | GeoPolRisk.py:310 -          extractdata() | Exporting database in the format csv
2021-07-16 16:58:30,238 | DEBUG | MainThread | api.py:263 -     TotalCalculation() | The period is 2005 for the Country Australia for the resource Copper
2021-07-16 16:58:30,238 | DEBUG | MainThread | api.py:310 -     TotalCalculation() | No transaction has been made, as data preexists
2021-07-16 16:58:30,238 | DEBUG | MainThread | GeoPolRisk.py:310 -          extractdata() | Exporting database in the format csv
2021-07-16 16:58:30,254 | DEBUG | MainThread | api.py:263 -     TotalCalculation() | The period is 2006 for the Country Australia for the resource Copper
2021-07-16 16:58:30,254 | DEBUG | MainThread | api.py:310 -     TotalCalculation() | No transaction has been made, as data preexists
2021-07-16 16:58:30,254 | DEBUG | MainThread | GeoPolRisk.py:310 -          extractdata() | Exporting database in the format csv
2021-07-16 16:58:30,270 | DEBUG | MainThread | api.py:263 -     TotalCalculation() | The period is 2007 for the Country Australia for the resource Copper
2021-07-16 16:58:30,270 | DEBUG | MainThread | api.py:310 -     TotalCalculation() | No transaction has been made, as data preexists
2021-07-16 16:58:30,270 | DEBUG | MainThread | GeoPolRisk.py:310 -          extractdata() | Exporting database in the format csv
2021-07-16 16:58:30,270 | DEBUG | MainThread | api.py:263 -     TotalCalculation() | The period is 2008 for the Country Australia for the resource Copper
2021-07-16 16:58:30,270 | DEBUG | MainThread | api.py:310 -     TotalCalculation() | No transaction has been made, as data preexists
2021-07-16 16:58:30,270 | DEBUG | MainThread | GeoPolRisk.py:310 -          extractdata() | Exporting database in the format csv
2021-07-16 16:58:30,285 | DEBUG | MainThread | api.py:263 -     TotalCalculation() | The period is 2009 for the Country Australia for the resource Copper
2021-07-16 16:58:30,285 | DEBUG | MainThread | api.py:310 -     TotalCalculation() | No transaction has been made, as data preexists
2021-07-16 16:58:30,285 | DEBUG | MainThread | GeoPolRisk.py:310 -          extractdata() | Exporting database in the format csv
2021-07-16 16:58:30,301 | DEBUG | MainThread | api.py:263 -     TotalCalculation() | The period is 2010 for the Country Australia for the resource Copper
2021-07-16 16:58:30,301 | DEBUG | MainThread | api.py:310 -     TotalCalculation() | No transaction has been made, as data preexists
2021-07-16 16:58:30,301 | DEBUG | MainThread | GeoPolRisk.py:310 -          extractdata() | Exporting database in the format csv
2021-07-16 16:58:30,301 | DEBUG | MainThread | api.py:263 -     TotalCalculation() | The period is 2011 for the Country Australia for the resource Copper
2021-07-16 16:58:30,301 | DEBUG | MainThread | api.py:310 -     TotalCalculation() | No transaction has been made, as data preexists
2021-07-16 16:58:30,301 | DEBUG | MainThread | GeoPolRisk.py:310 -          extractdata() | Exporting database in the format csv
2021-07-16 16:58:30,316 | DEBUG | MainThread | api.py:263 -     TotalCalculation() | The period is 2012 for the Country Australia for the resource Copper
2021-07-16 16:58:30,316 | DEBUG | MainThread | api.py:310 -     TotalCalculation() | No transaction has been made, as data preexists
2021-07-16 16:58:30,316 | DEBUG | MainThread | GeoPolRisk.py:310 -          extractdata() | Exporting database in the format csv
2021-07-16 16:58:30,332 | DEBUG | MainThread | api.py:263 -     TotalCalculation() | The period is 2013 for the Country Australia for the resource Copper
2021-07-16 16:58:30,332 | DEBUG | MainThread | api.py:310 -     TotalCalculation() | No transaction has been made, as data preexists
2021-07-16 16:58:30,332 | DEBUG | MainThread | GeoPolRisk.py:310 -          extractdata() | Exporting database in the format csv
2021-07-16 16:58:30,332 | DEBUG | MainThread | api.py:263 -     TotalCalculation() | The period is 2014 for the Country Australia for the resource Copper
2021-07-16 16:58:30,332 | DEBUG | MainThread | api.py:310 -     TotalCalculation() | No transaction has been made, as data preexists
2021-07-16 16:58:30,332 | DEBUG | MainThread | GeoPolRisk.py:310 -          extractdata() | Exporting database in the format csv
2021-07-16 16:58:30,348 | DEBUG | MainThread | api.py:263 -     TotalCalculation() | The period is 2015 for the Country Australia for the resource Copper
2021-07-16 16:58:30,348 | DEBUG | MainThread | api.py:310 -     TotalCalculation() | No transaction has been made, as data preexists
2021-07-16 16:58:30,348 | DEBUG | MainThread | GeoPolRisk.py:310 -          extractdata() | Exporting database in the format csv
2021-07-16 16:58:30,365 | DEBUG | MainThread | api.py:263 -     TotalCalculation() | The period is 2016 for the Country Australia for the resource Copper
2021-07-16 16:58:30,366 | DEBUG | MainThread | api.py:310 -     TotalCalculation() | No transaction has been made, as data preexists
2021-07-16 16:58:30,366 | DEBUG | MainThread | GeoPolRisk.py:310 -          extractdata() | Exporting database in the format csv
2021-07-16 16:58:30,376 | DEBUG | MainThread | api.py:263 -     TotalCalculation() | The period is 2017 for the Country Australia for the resource Copper
2021-07-16 16:58:30,377 | DEBUG | MainThread | api.py:310 -     TotalCalculation() | No transaction has been made, as data preexists
2021-07-16 16:58:30,378 | DEBUG | MainThread | GeoPolRisk.py:310 -          extractdata() | Exporting database in the format csv
2021-07-16 16:58:30,386 | DEBUG | MainThread | api.py:263 -     TotalCalculation() | The period is 2002 for the Country Australia for the resource Barytes
2021-07-16 16:58:30,386 | DEBUG | MainThread | api.py:310 -     TotalCalculation() | No transaction has been made, as data preexists
2021-07-16 16:58:30,386 | DEBUG | MainThread | GeoPolRisk.py:310 -          extractdata() | Exporting database in the format csv
2021-07-16 16:58:30,386 | DEBUG | MainThread | api.py:263 -     TotalCalculation() | The period is 2003 for the Country Australia for the resource Barytes
2021-07-16 16:58:30,386 | DEBUG | MainThread | api.py:310 -     TotalCalculation() | No transaction has been made, as data preexists
2021-07-16 16:58:30,386 | DEBUG | MainThread | GeoPolRisk.py:310 -          extractdata() | Exporting database in the format csv
2021-07-16 16:58:30,402 | DEBUG | MainThread | api.py:263 -     TotalCalculation() | The period is 2004 for the Country Australia for the resource Barytes
2021-07-16 16:58:30,417 | DEBUG | MainThread | api.py:310 -     TotalCalculation() | No transaction has been made, as data preexists
2021-07-16 16:58:30,417 | DEBUG | MainThread | GeoPolRisk.py:310 -          extractdata() | Exporting database in the format csv
2021-07-16 16:58:30,417 | DEBUG | MainThread | api.py:263 -     TotalCalculation() | The period is 2005 for the Country Australia for the resource Barytes
2021-07-16 16:58:30,417 | DEBUG | MainThread | api.py:310 -     TotalCalculation() | No transaction has been made, as data preexists
2021-07-16 16:58:30,417 | DEBUG | MainThread | GeoPolRisk.py:310 -          extractdata() | Exporting database in the format csv
2021-07-16 16:58:30,437 | DEBUG | MainThread | api.py:263 -     TotalCalculation() | The period is 2006 for the Country Australia for the resource Barytes
2021-07-16 16:58:30,437 | DEBUG | MainThread | api.py:310 -     TotalCalculation() | No transaction has been made, as data preexists
2021-07-16 16:58:30,437 | DEBUG | MainThread | GeoPolRisk.py:310 -          extractdata() | Exporting database in the format csv
2021-07-16 16:58:30,437 | DEBUG | MainThread | api.py:263 -     TotalCalculation() | The period is 2007 for the Country Australia for the resource Barytes
2021-07-16 16:58:30,437 | DEBUG | MainThread | api.py:310 -     TotalCalculation() | No transaction has been made, as data preexists
2021-07-16 16:58:30,437 | DEBUG | MainThread | GeoPolRisk.py:310 -          extractdata() | Exporting database in the format csv
2021-07-16 16:58:30,452 | DEBUG | MainThread | api.py:263 -     TotalCalculation() | The period is 2008 for the Country Australia for the resource Barytes
2021-07-16 16:58:30,452 | DEBUG | MainThread | api.py:310 -     TotalCalculation() | No transaction has been made, as data preexists
2021-07-16 16:58:30,452 | DEBUG | MainThread | GeoPolRisk.py:310 -          extractdata() | Exporting database in the format csv
2021-07-16 16:58:30,468 | DEBUG | MainThread | api.py:263 -     TotalCalculation() | The period is 2009 for the Country Australia for the resource Barytes
2021-07-16 16:58:30,468 | DEBUG | MainThread | api.py:310 -     TotalCalculation() | No transaction has been made, as data preexists
2021-07-16 16:58:30,468 | DEBUG | MainThread | GeoPolRisk.py:310 -          extractdata() | Exporting database in the format csv
2021-07-16 16:58:30,468 | DEBUG | MainThread | api.py:263 -     TotalCalculation() | The period is 2010 for the Country Australia for the resource Barytes
2021-07-16 16:58:30,468 | DEBUG | MainThread | api.py:310 -     TotalCalculation() | No transaction has been made, as data preexists
2021-07-16 16:58:30,468 | DEBUG | MainThread | GeoPolRisk.py:310 -          extractdata() | Exporting database in the format csv
2021-07-16 16:58:30,484 | DEBUG | MainThread | api.py:263 -     TotalCalculation() | The period is 2011 for the Country Australia for the resource Barytes
2021-07-16 16:58:30,484 | DEBUG | MainThread | api.py:310 -     TotalCalculation() | No transaction has been made, as data preexists
2021-07-16 16:58:30,499 | DEBUG | MainThread | GeoPolRisk.py:310 -          extractdata() | Exporting database in the format csv
2021-07-16 16:58:30,499 | DEBUG | MainThread | api.py:263 -     TotalCalculation() | The period is 2012 for the Country Australia for the resource Barytes
2021-07-16 16:58:30,499 | DEBUG | MainThread | api.py:310 -     TotalCalculation() | No transaction has been made, as data preexists
2021-07-16 16:58:30,499 | DEBUG | MainThread | GeoPolRisk.py:310 -          extractdata() | Exporting database in the format csv
2021-07-16 16:58:30,515 | DEBUG | MainThread | api.py:263 -     TotalCalculation() | The period is 2013 for the Country Australia for the resource Barytes
2021-07-16 16:58:30,515 | DEBUG | MainThread | api.py:310 -     TotalCalculation() | No transaction has been made, as data preexists
2021-07-16 16:58:30,515 | DEBUG | MainThread | GeoPolRisk.py:310 -          extractdata() | Exporting database in the format csv
2021-07-16 16:58:30,526 | DEBUG | MainThread | api.py:263 -     TotalCalculation() | The period is 2014 for the Country Australia for the resource Barytes
2021-07-16 16:58:30,526 | DEBUG | MainThread | api.py:310 -     TotalCalculation() | No transaction has been made, as data preexists
2021-07-16 16:58:30,526 | DEBUG | MainThread | GeoPolRisk.py:310 -          extractdata() | Exporting database in the format csv
2021-07-16 16:58:30,526 | DEBUG | MainThread | api.py:263 -     TotalCalculation() | The period is 2015 for the Country Australia for the resource Barytes
2021-07-16 16:58:30,526 | DEBUG | MainThread | api.py:310 -     TotalCalculation() | No transaction has been made, as data preexists
2021-07-16 16:58:30,526 | DEBUG | MainThread | GeoPolRisk.py:310 -          extractdata() | Exporting database in the format csv
2021-07-16 16:58:30,542 | DEBUG | MainThread | api.py:263 -     TotalCalculation() | The period is 2016 for the Country Australia for the resource Barytes
2021-07-16 16:58:30,542 | DEBUG | MainThread | api.py:310 -     TotalCalculation() | No transaction has been made, as data preexists
2021-07-16 16:58:30,542 | DEBUG | MainThread | GeoPolRisk.py:310 -          extractdata() | Exporting database in the format csv
2021-07-16 16:58:30,557 | DEBUG | MainThread | api.py:263 -     TotalCalculation() | The period is 2017 for the Country Australia for the resource Barytes
2021-07-16 16:58:30,738 | DEBUG | MainThread | api.py:70 -         traderequest() | https://comtrade.un.org/api/get?max=50000&type=C&freq=A&px=HS&ps=2017&r=36&p=all&cc=2511&rg=1&fmt=json
2021-07-16 16:58:33,012 | DEBUG | MainThread | api.py:146 -         traderequest() | local variable 'reducedmass' referenced before assignment
2021-07-16 16:58:33,012 | DEBUG | MainThread | api.py:282 -     TotalCalculation() | 
2021-07-16 16:58:33,017 | DEBUG | MainThread | api.py:263 -     TotalCalculation() | The period is 2002 for the Country Australia for the resource Bismuth
2021-07-16 16:58:33,018 | DEBUG | MainThread | api.py:310 -     TotalCalculation() | No transaction has been made, as data preexists
2021-07-16 16:58:33,018 | DEBUG | MainThread | GeoPolRisk.py:310 -          extractdata() | Exporting database in the format csv
2021-07-16 16:58:33,027 | DEBUG | MainThread | api.py:263 -     TotalCalculation() | The period is 2003 for the Country Australia for the resource Bismuth
2021-07-16 16:58:33,027 | DEBUG | MainThread | api.py:310 -     TotalCalculation() | No transaction has been made, as data preexists
2021-07-16 16:58:33,028 | DEBUG | MainThread | GeoPolRisk.py:310 -          extractdata() | Exporting database in the format csv
2021-07-16 16:58:33,036 | DEBUG | MainThread | api.py:263 -     TotalCalculation() | The period is 2004 for the Country Australia for the resource Bismuth
2021-07-16 16:58:33,037 | DEBUG | MainThread | api.py:310 -     TotalCalculation() | No transaction has been made, as data preexists
2021-07-16 16:58:33,037 | DEBUG | MainThread | GeoPolRisk.py:310 -          extractdata() | Exporting database in the format csv
2021-07-16 16:58:33,046 | DEBUG | MainThread | api.py:263 -     TotalCalculation() | The period is 2005 for the Country Australia for the resource Bismuth
2021-07-16 16:58:33,047 | DEBUG | MainThread | api.py:310 -     TotalCalculation() | No transaction has been made, as data preexists
2021-07-16 16:58:33,047 | DEBUG | MainThread | GeoPolRisk.py:310 -          extractdata() | Exporting database in the format csv
2021-07-16 16:58:33,055 | DEBUG | MainThread | api.py:263 -     TotalCalculation() | The period is 2006 for the Country Australia for the resource Bismuth
2021-07-16 16:58:33,056 | DEBUG | MainThread | api.py:310 -     TotalCalculation() | No transaction has been made, as data preexists
2021-07-16 16:58:33,056 | DEBUG | MainThread | GeoPolRisk.py:310 -          extractdata() | Exporting database in the format csv
2021-07-16 16:58:33,065 | DEBUG | MainThread | api.py:263 -     TotalCalculation() | The period is 2007 for the Country Australia for the resource Bismuth
2021-07-16 16:58:33,066 | DEBUG | MainThread | api.py:310 -     TotalCalculation() | No transaction has been made, as data preexists
2021-07-16 16:58:33,066 | DEBUG | MainThread | GeoPolRisk.py:310 -          extractdata() | Exporting database in the format csv
2021-07-16 16:58:33,075 | DEBUG | MainThread | api.py:263 -     TotalCalculation() | The period is 2008 for the Country Australia for the resource Bismuth
2021-07-16 16:58:33,076 | DEBUG | MainThread | api.py:310 -     TotalCalculation() | No transaction has been made, as data preexists
2021-07-16 16:58:33,076 | DEBUG | MainThread | GeoPolRisk.py:310 -          extractdata() | Exporting database in the format csv
2021-07-16 16:58:33,085 | DEBUG | MainThread | api.py:263 -     TotalCalculation() | The period is 2009 for the Country Australia for the resource Bismuth
2021-07-16 16:58:33,086 | DEBUG | MainThread | api.py:310 -     TotalCalculation() | No transaction has been made, as data preexists
2021-07-16 16:58:33,086 | DEBUG | MainThread | GeoPolRisk.py:310 -          extractdata() | Exporting database in the format csv
2021-07-16 16:58:33,094 | DEBUG | MainThread | api.py:263 -     TotalCalculation() | The period is 2010 for the Country Australia for the resource Bismuth
2021-07-16 16:58:33,095 | DEBUG | MainThread | api.py:310 -     TotalCalculation() | No transaction has been made, as data preexists
2021-07-16 16:58:33,095 | DEBUG | MainThread | GeoPolRisk.py:310 -          extractdata() | Exporting database in the format csv
2021-07-16 16:58:33,104 | DEBUG | MainThread | api.py:263 -     TotalCalculation() | The period is 2011 for the Country Australia for the resource Bismuth
2021-07-16 16:58:33,105 | DEBUG | MainThread | api.py:310 -     TotalCalculation() | No transaction has been made, as data preexists
2021-07-16 16:58:33,105 | DEBUG | MainThread | GeoPolRisk.py:310 -          extractdata() | Exporting database in the format csv
2021-07-16 16:58:33,113 | DEBUG | MainThread | api.py:263 -     TotalCalculation() | The period is 2012 for the Country Australia for the resource Bismuth
2021-07-16 16:58:33,114 | DEBUG | MainThread | api.py:310 -     TotalCalculation() | No transaction has been made, as data preexists
2021-07-16 16:58:33,114 | DEBUG | MainThread | GeoPolRisk.py:310 -          extractdata() | Exporting database in the format csv
2021-07-16 16:58:33,123 | DEBUG | MainThread | api.py:263 -     TotalCalculation() | The period is 2013 for the Country Australia for the resource Bismuth
2021-07-16 16:58:33,124 | DEBUG | MainThread | api.py:310 -     TotalCalculation() | No transaction has been made, as data preexists
2021-07-16 16:58:33,124 | DEBUG | MainThread | GeoPolRisk.py:310 -          extractdata() | Exporting database in the format csv
2021-07-16 16:58:33,133 | DEBUG | MainThread | api.py:263 -     TotalCalculation() | The period is 2014 for the Country Australia for the resource Bismuth
2021-07-16 16:58:33,134 | DEBUG | MainThread | api.py:310 -     TotalCalculation() | No transaction has been made, as data preexists
2021-07-16 16:58:33,134 | DEBUG | MainThread | GeoPolRisk.py:310 -          extractdata() | Exporting database in the format csv
2021-07-16 16:58:33,142 | DEBUG | MainThread | api.py:263 -     TotalCalculation() | The period is 2015 for the Country Australia for the resource Bismuth
2021-07-16 16:58:33,143 | DEBUG | MainThread | api.py:310 -     TotalCalculation() | No transaction has been made, as data preexists
2021-07-16 16:58:33,143 | DEBUG | MainThread | GeoPolRisk.py:310 -          extractdata() | Exporting database in the format csv
2021-07-16 16:58:33,151 | DEBUG | MainThread | api.py:263 -     TotalCalculation() | The period is 2016 for the Country Australia for the resource Bismuth
2021-07-16 16:58:33,152 | DEBUG | MainThread | api.py:310 -     TotalCalculation() | No transaction has been made, as data preexists
2021-07-16 16:58:33,152 | DEBUG | MainThread | GeoPolRisk.py:310 -          extractdata() | Exporting database in the format csv
2021-07-16 16:58:33,161 | DEBUG | MainThread | api.py:263 -     TotalCalculation() | The period is 2017 for the Country Australia for the resource Bismuth
2021-07-16 16:58:33,314 | DEBUG | MainThread | api.py:70 -         traderequest() | https://comtrade.un.org/api/get?max=50000&type=C&freq=A&px=HS&ps=2017&r=36&p=all&cc=8106&rg=1&fmt=json
2021-07-16 16:58:35,400 | DEBUG | MainThread | api.py:146 -         traderequest() | local variable 'reducedmass' referenced before assignment
2021-07-16 16:58:35,400 | DEBUG | MainThread | api.py:282 -     TotalCalculation() | 
2021-07-16 16:58:35,405 | DEBUG | MainThread | api.py:263 -     TotalCalculation() | The period is 2002 for the Country Australia for the resource Gold
2021-07-16 16:58:35,406 | DEBUG | MainThread | api.py:310 -     TotalCalculation() | No transaction has been made, as data preexists
2021-07-16 16:58:35,407 | DEBUG | MainThread | GeoPolRisk.py:310 -          extractdata() | Exporting database in the format csv
2021-07-16 16:58:35,415 | DEBUG | MainThread | api.py:263 -     TotalCalculation() | The period is 2003 for the Country Australia for the resource Gold
2021-07-16 16:58:35,416 | DEBUG | MainThread | api.py:310 -     TotalCalculation() | No transaction has been made, as data preexists
2021-07-16 16:58:35,416 | DEBUG | MainThread | GeoPolRisk.py:310 -          extractdata() | Exporting database in the format csv
2021-07-16 16:58:35,425 | DEBUG | MainThread | api.py:263 -     TotalCalculation() | The period is 2004 for the Country Australia for the resource Gold
2021-07-16 16:58:35,426 | DEBUG | MainThread | api.py:310 -     TotalCalculation() | No transaction has been made, as data preexists
2021-07-16 16:58:35,426 | DEBUG | MainThread | GeoPolRisk.py:310 -          extractdata() | Exporting database in the format csv
2021-07-16 16:58:35,435 | DEBUG | MainThread | api.py:263 -     TotalCalculation() | The period is 2005 for the Country Australia for the resource Gold
2021-07-16 16:58:35,436 | DEBUG | MainThread | api.py:310 -     TotalCalculation() | No transaction has been made, as data preexists
2021-07-16 16:58:35,436 | DEBUG | MainThread | GeoPolRisk.py:310 -          extractdata() | Exporting database in the format csv
2021-07-16 16:58:35,445 | DEBUG | MainThread | api.py:263 -     TotalCalculation() | The period is 2006 for the Country Australia for the resource Gold
2021-07-16 16:58:35,446 | DEBUG | MainThread | api.py:310 -     TotalCalculation() | No transaction has been made, as data preexists
2021-07-16 16:58:35,446 | DEBUG | MainThread | GeoPolRisk.py:310 -          extractdata() | Exporting database in the format csv
2021-07-16 16:58:35,455 | DEBUG | MainThread | api.py:263 -     TotalCalculation() | The period is 2007 for the Country Australia for the resource Gold
2021-07-16 16:58:35,456 | DEBUG | MainThread | api.py:310 -     TotalCalculation() | No transaction has been made, as data preexists
2021-07-16 16:58:35,456 | DEBUG | MainThread | GeoPolRisk.py:310 -          extractdata() | Exporting database in the format csv
2021-07-16 16:58:35,465 | DEBUG | MainThread | api.py:263 -     TotalCalculation() | The period is 2008 for the Country Australia for the resource Gold
2021-07-16 16:58:35,466 | DEBUG | MainThread | api.py:310 -     TotalCalculation() | No transaction has been made, as data preexists
2021-07-16 16:58:35,466 | DEBUG | MainThread | GeoPolRisk.py:310 -          extractdata() | Exporting database in the format csv
2021-07-16 16:58:35,475 | DEBUG | MainThread | api.py:263 -     TotalCalculation() | The period is 2009 for the Country Australia for the resource Gold
2021-07-16 16:58:35,476 | DEBUG | MainThread | api.py:310 -     TotalCalculation() | No transaction has been made, as data preexists
2021-07-16 16:58:35,476 | DEBUG | MainThread | GeoPolRisk.py:310 -          extractdata() | Exporting database in the format csv
2021-07-16 16:58:35,485 | DEBUG | MainThread | api.py:263 -     TotalCalculation() | The period is 2010 for the Country Australia for the resource Gold
2021-07-16 16:58:35,486 | DEBUG | MainThread | api.py:310 -     TotalCalculation() | No transaction has been made, as data preexists
2021-07-16 16:58:35,486 | DEBUG | MainThread | GeoPolRisk.py:310 -          extractdata() | Exporting database in the format csv
2021-07-16 16:58:35,495 | DEBUG | MainThread | api.py:263 -     TotalCalculation() | The period is 2011 for the Country Australia for the resource Gold
2021-07-16 16:58:35,496 | DEBUG | MainThread | api.py:310 -     TotalCalculation() | No transaction has been made, as data preexists
2021-07-16 16:58:35,496 | DEBUG | MainThread | GeoPolRisk.py:310 -          extractdata() | Exporting database in the format csv
2021-07-16 16:58:35,505 | DEBUG | MainThread | api.py:263 -     TotalCalculation() | The period is 2012 for the Country Australia for the resource Gold
2021-07-16 16:58:35,705 | DEBUG | MainThread | api.py:70 -         traderequest() | https://comtrade.un.org/api/get?max=50000&type=C&freq=A&px=HS&ps=2012&r=36&p=all&cc=7108&rg=1&fmt=json
2021-07-16 16:58:41,905 | DEBUG | MainThread | GeoPolRisk.py:48 -             __init__() | Username: akoyamparamb
2021-07-16 16:58:56,534 | DEBUG | MainThread | api.py:263 -     TotalCalculation() | The period is 2012 for the Country Japan for the resource Cobalt
2021-07-16 16:58:56,667 | DEBUG | MainThread | api.py:70 -         traderequest() | https://comtrade.un.org/api/get?max=50000&type=C&freq=A&px=HS&ps=2012&r=392&p=all&cc=810520&rg=1&fmt=json
2021-07-16 16:58:57,035 | DEBUG | MainThread | api.py:146 -         traderequest() | local variable 'reducedmass' referenced before assignment
2021-07-16 16:58:57,035 | DEBUG | MainThread | api.py:282 -     TotalCalculation() | 
2021-07-16 16:59:39,140 | DEBUG | MainThread | GeoPolRisk.py:48 -             __init__() | Username: akoyamparamb
2021-07-16 16:59:50,743 | DEBUG | MainThread | api.py:263 -     TotalCalculation() | The period is 2012 for the Country Japan for the resource Cobalt
2021-07-16 16:59:50,868 | DEBUG | MainThread | api.py:70 -         traderequest() | https://comtrade.un.org/api/get?max=50000&type=C&freq=A&px=HS&ps=2012&r=392&p=all&cc=810520&rg=1&fmt=json
2021-07-16 16:59:51,259 | DEBUG | MainThread | api.py:146 -         traderequest() | can't multiply sequence by non-int of type 'float'
2021-07-16 16:59:51,259 | DEBUG | MainThread | api.py:282 -     TotalCalculation() | 
2021-07-16 17:00:44,589 | DEBUG | MainThread | GeoPolRisk.py:48 -             __init__() | Username: akoyamparamb
2021-07-16 17:00:56,772 | DEBUG | MainThread | api.py:263 -     TotalCalculation() | The period is 2012 for the Country Japan for the resource Cobalt
2021-07-16 17:00:56,897 | DEBUG | MainThread | api.py:70 -         traderequest() | https://comtrade.un.org/api/get?max=50000&type=C&freq=A&px=HS&ps=2012&r=392&p=all&cc=810520&rg=1&fmt=json
2021-07-16 17:00:57,309 | DEBUG | MainThread | api.py:146 -         traderequest() | unsupported operand type(s) for -: 'int' and 'str'
2021-07-16 17:00:57,309 | DEBUG | MainThread | api.py:282 -     TotalCalculation() | 
2021-07-16 17:02:51,051 | DEBUG | MainThread | GeoPolRisk.py:48 -             __init__() | Username: akoyamparamb
2021-07-16 17:03:05,243 | DEBUG | MainThread | api.py:263 -     TotalCalculation() | The period is 2012 for the Country Japan for the resource Cobalt
2021-07-16 17:03:05,366 | DEBUG | MainThread | api.py:282 -     TotalCalculation() | invalid literal for int() with base 10: '0.2'
2021-07-16 17:03:30,967 | DEBUG | MainThread | GeoPolRisk.py:48 -             __init__() | Username: akoyamparamb
2021-07-16 17:03:41,106 | DEBUG | MainThread | api.py:263 -     TotalCalculation() | The period is 2012 for the Country Japan for the resource Cobalt
2021-07-16 17:03:41,231 | DEBUG | MainThread | api.py:70 -         traderequest() | https://comtrade.un.org/api/get?max=50000&type=C&freq=A&px=HS&ps=2012&r=392&p=all&cc=810520&rg=1&fmt=json
2021-07-16 17:03:41,741 | DEBUG | MainThread | api.py:146 -         traderequest() | 'main' object has no attribute 'totalreduce'
2021-07-16 17:03:41,741 | DEBUG | MainThread | api.py:282 -     TotalCalculation() | 
2021-07-16 17:04:54,714 | DEBUG | MainThread | GeoPolRisk.py:48 -             __init__() | Username: akoyamparamb
2021-07-16 17:05:06,406 | DEBUG | MainThread | api.py:263 -     TotalCalculation() | The period is 2012 for the Country Japan for the resource Cobalt
2021-07-16 17:05:06,515 | DEBUG | MainThread | api.py:70 -         traderequest() | https://comtrade.un.org/api/get?max=50000&type=C&freq=A&px=HS&ps=2012&r=392&p=all&cc=810520&rg=1&fmt=json
2021-07-16 17:05:06,927 | DEBUG | MainThread | api.py:308 -     TotalCalculation() | Complete Transaction
2021-07-16 17:05:06,927 | DEBUG | MainThread | GeoPolRisk.py:311 -          extractdata() | Exporting database in the format csv
2021-07-16 17:05:06,929 | DEBUG | MainThread | GeoPolRisk.py:331 -               endlog() | Number of successfull COMTRADE API attempts 1
2021-07-16 17:05:06,929 | DEBUG | MainThread | GeoPolRisk.py:332 -               endlog() | Number of total attempts 1
